<?xml version="1.0" encoding="UTF-8"?>
<!-- Generated by org.testng.reporters.JUnitReportReporter -->
<testsuite hostname="LAPTOP-BLLRRDRL" failures="0" tests="7" name="ProjectsCTS.Hackathon.App" time="11.342" errors="0" timestamp="2023-07-02T18:13:00 IST" skipped="0">
  <testcase classname="ProjectsCTS.Hackathon.App" name="navigate" time="2.071"/>
  <system-out/>
  <testcase classname="ProjectsCTS.Hackathon.App" name="SearchWatches" time="2.303"/>
  <system-out/>
  <testcase classname="ProjectsCTS.Hackathon.App" name="Analogue" time="1.899"/>
  <system-out/>
  <testcase classname="ProjectsCTS.Hackathon.App" name="Leather" time="1.982"/>
  <system-out/>
  <testcase classname="ProjectsCTS.Hackathon.App" name="Titan" time="0.360"/>
  <system-out/>
  <testcase classname="ProjectsCTS.Hackathon.App" name="discount" time="1.584"/>
  <system-out/>
  <testcase classname="ProjectsCTS.Hackathon.App" name="Retrieve5" time="1.143"/>
  <system-out/>
</testsuite> <!-- ProjectsCTS.Hackathon.App -->
